<?xml version="1.0" encoding="UTF-8"?>
<!-- Generated by org.testng.reporters.JUnitXMLReporter -->
<testsuite hostname="LAPTOP-7DB4GVKK" ignored="0" name="Default test" tests="7" failures="0" timestamp="2022-09-28T23:12:08 IST" time="28.59" errors="0">
  <testcase name="testTitle" time="0.097" classname="com.demoQA.tests.Alert_Test"/>
  <testcase name="testAlert" time="0.304" classname="com.demoQA.tests.Alert_Test"/>
  <testcase name="testTimerAlert" time="5.539" classname="com.demoQA.tests.Alert_Test"/>
  <testcase name="testConfirmAlertPopupMsg" time="0.098" classname="com.demoQA.tests.Alert_Test"/>
  <testcase name="testConfirmAlertSuccesfullMsg" time="0.074" classname="com.demoQA.tests.Alert_Test"/>
  <testcase name="testPromptAlertPopupMsg" time="0.128" classname="com.demoQA.tests.Alert_Test"/>
  <testcase name="testPromptAlertInputText" time="0.096" classname="com.demoQA.tests.Alert_Test"/>
</testsuite> <!-- Default test -->
