<?xml version="1.0" encoding="UTF-8"?>
<!-- Generated by org.testng.reporters.JUnitXMLReporter -->
<testsuite hostname="LAPTOP-7DB4GVKK" ignored="6" name="Default test" tests="1" failures="0" timestamp="2022-09-28T00:40:13 IST" time="11.333" errors="0">
  <testcase name="testPromptAlert" time="0.52" classname="com.demoQA.tests.Alert_Test"/>
  <testcase name="testTitle" time="0.0" classname="com.demoQA.tests.Alert_Test">
    <ignored/>
  </testcase> <!-- testTitle -->
  <testcase name="testConfirmAlertSuccesfullMsg" time="0.0" classname="com.demoQA.tests.Alert_Test">
    <ignored/>
  </testcase> <!-- testConfirmAlertSuccesfullMsg -->
  <testcase name="testConfirmAlertPopupMsg" time="0.0" classname="com.demoQA.tests.Alert_Test">
    <ignored/>
  </testcase> <!-- testConfirmAlertPopupMsg -->
  <testcase name="testPromptAlertPopupMsg" time="0.0" classname="com.demoQA.tests.Alert_Test">
    <ignored/>
  </testcase> <!-- testPromptAlertPopupMsg -->
  <testcase name="testTimerAlert" time="0.0" classname="com.demoQA.tests.Alert_Test">
    <ignored/>
  </testcase> <!-- testTimerAlert -->
  <testcase name="testAlert" time="0.0" classname="com.demoQA.tests.Alert_Test">
    <ignored/>
  </testcase> <!-- testAlert -->
</testsuite> <!-- Default test -->
