<?xml version="1.0" encoding="UTF-8"?>
<!-- Generated by org.testng.reporters.JUnitXMLReporter -->
<testsuite hostname="LAPTOP-7DB4GVKK" ignored="0" name="Test1" tests="3" failures="0" timestamp="2022-09-14T22:16:26 IST" time="20.885" errors="0">
  <testcase name="testCheckBox" time="0.113" classname="com.demoQA.tests.Element_Page_Test"/>
  <testcase name="testRadioButtons" time="0.115" classname="com.demoQA.tests.Element_Page_Test"/>
  <testcase name="testTextBox" time="0.1" classname="com.demoQA.tests.Element_Page_Test"/>
</testsuite> <!-- Test1 -->
