<?xml version="1.0" encoding="UTF-8"?>
<!-- Generated by org.testng.reporters.JUnitXMLReporter -->
<testsuite hostname="LAPTOP-7DB4GVKK" ignored="0" name="Test6" tests="5" failures="0" timestamp="2022-09-14T22:20:34 IST" time="100.573" errors="0">
  <testcase name="testAlert" time="0.119" classname="com.demoQA.tests.Alert_Test"/>
  <testcase name="testConfirmAlert" time="0.119" classname="com.demoQA.tests.Alert_Test"/>
  <testcase name="testPromptAlert" time="0.139" classname="com.demoQA.tests.Alert_Test"/>
  <testcase name="testTimerAlert" time="5.195" classname="com.demoQA.tests.Alert_Test"/>
  <testcase name="testTitle" time="0.043" classname="com.demoQA.tests.Alert_Test"/>
</testsuite> <!-- Test6 -->
