<?xml version="1.0" encoding="UTF-8"?>
<!-- Generated by org.testng.reporters.JUnitXMLReporter -->
<testsuite hostname="LAPTOP-7DB4GVKK" ignored="0" name="Test15" tests="4" failures="0" timestamp="2022-09-13T00:24:37 IST" time="12.72" errors="0">
  <testcase name="verifyAccepatbleDragDrop" time="0.377" classname="com.demoQA.tests.Droppable_Test"/>
  <testcase name="verifyDragDrop" time="3.834" classname="com.demoQA.tests.Droppable_Test"/>
  <testcase name="verifyTitle" time="0.055" classname="com.demoQA.tests.Droppable_Test"/>
  <testcase name="verifyNotAccepatbleDragDrop" time="0.336" classname="com.demoQA.tests.Droppable_Test"/>
</testsuite> <!-- Test15 -->
