<?xml version="1.0" encoding="UTF-8"?>
<!-- Generated by org.testng.reporters.JUnitXMLReporter -->
<testsuite hostname="LAPTOP-7DB4GVKK" ignored="0" name="Test2" tests="3" failures="3" timestamp="2022-09-13T00:19:22 IST" time="14.345" errors="0">
  <testcase name="testCurrentAdd" time="1.104" classname="com.demoQA.tests.TextBox_Test">
    <failure type="org.testng.internal.reflect.MethodMatcherException" message="
[public void com.demoQA.tests.TextBox_Test.testCurrentAdd(java.lang.String,java.lang.String,java.lang.String,java.lang.String,java.lang.String,java.lang.String)] has no parameters defined but was found to be using a data provider (either explicitly specified or inherited from class level annotation).
Data provider mismatch
Method: testCurrentAdd([Parameter{index=0, type=java.lang.String, declaredAnnotations=[]}, Parameter{index=1, type=java.lang.String, declaredAnnotations=[]}, Parameter{index=2, type=java.lang.String, declaredAnnotations=[]}, Parameter{index=3, type=java.lang.String, declaredAnnotations=[]}, Parameter{index=4, type=java.lang.String, declaredAnnotations=[]}, Parameter{index=5, type=java.lang.String, declaredAnnotations=[]}])
Arguments: [(java.lang.String) Nagbhushan Bhalerao,(java.lang.String) bhushan@123,(java.lang.String) Pune,(java.lang.String) Group 1, option 1,(java.lang.String) Ms.,(java.lang.String) Black,(java.lang.Integer) 10]">
      <![CDATA[org.testng.internal.reflect.MethodMatcherException: 
[public void com.demoQA.tests.TextBox_Test.testCurrentAdd(java.lang.String,java.lang.String,java.lang.String,java.lang.String,java.lang.String,java.lang.String)] has no parameters defined but was found to be using a data provider (either explicitly specified or inherited from class level annotation).
Data provider mismatch
Method: testCurrentAdd([Parameter{index=0, type=java.lang.String, declaredAnnotations=[]}, Parameter{index=1, type=java.lang.String, declaredAnnotations=[]}, Parameter{index=2, type=java.lang.String, declaredAnnotations=[]}, Parameter{index=3, type=java.lang.String, declaredAnnotations=[]}, Parameter{index=4, type=java.lang.String, declaredAnnotations=[]}, Parameter{index=5, type=java.lang.String, declaredAnnotations=[]}])
Arguments: [(java.lang.String) Nagbhushan Bhalerao,(java.lang.String) bhushan@123,(java.lang.String) Pune,(java.lang.String) Group 1, option 1,(java.lang.String) Ms.,(java.lang.String) Black,(java.lang.Integer) 10]
at java.util.ArrayList.forEach(ArrayList.java:1259)
... Removed 22 stack frames]]>
    </failure>
  </testcase> <!-- testCurrentAdd -->
  <testcase name="testEmail" time="0.053" classname="com.demoQA.tests.TextBox_Test">
    <failure type="org.testng.internal.reflect.MethodMatcherException" message="
[public void com.demoQA.tests.TextBox_Test.testEmail(java.lang.String,java.lang.String,java.lang.String,java.lang.String,java.lang.String,java.lang.String)] has no parameters defined but was found to be using a data provider (either explicitly specified or inherited from class level annotation).
Data provider mismatch
Method: testEmail([Parameter{index=0, type=java.lang.String, declaredAnnotations=[]}, Parameter{index=1, type=java.lang.String, declaredAnnotations=[]}, Parameter{index=2, type=java.lang.String, declaredAnnotations=[]}, Parameter{index=3, type=java.lang.String, declaredAnnotations=[]}, Parameter{index=4, type=java.lang.String, declaredAnnotations=[]}, Parameter{index=5, type=java.lang.String, declaredAnnotations=[]}])
Arguments: [(java.lang.String) Nagbhushan Bhalerao,(java.lang.String) bhushan@123,(java.lang.String) Pune,(java.lang.String) Group 1, option 1,(java.lang.String) Ms.,(java.lang.String) Black,(java.lang.Integer) 10]">
      <![CDATA[org.testng.internal.reflect.MethodMatcherException: 
[public void com.demoQA.tests.TextBox_Test.testEmail(java.lang.String,java.lang.String,java.lang.String,java.lang.String,java.lang.String,java.lang.String)] has no parameters defined but was found to be using a data provider (either explicitly specified or inherited from class level annotation).
Data provider mismatch
Method: testEmail([Parameter{index=0, type=java.lang.String, declaredAnnotations=[]}, Parameter{index=1, type=java.lang.String, declaredAnnotations=[]}, Parameter{index=2, type=java.lang.String, declaredAnnotations=[]}, Parameter{index=3, type=java.lang.String, declaredAnnotations=[]}, Parameter{index=4, type=java.lang.String, declaredAnnotations=[]}, Parameter{index=5, type=java.lang.String, declaredAnnotations=[]}])
Arguments: [(java.lang.String) Nagbhushan Bhalerao,(java.lang.String) bhushan@123,(java.lang.String) Pune,(java.lang.String) Group 1, option 1,(java.lang.String) Ms.,(java.lang.String) Black,(java.lang.Integer) 10]
at java.util.ArrayList.forEach(ArrayList.java:1259)
... Removed 22 stack frames]]>
    </failure>
  </testcase> <!-- testEmail -->
  <testcase name="testFullName" time="0.048" classname="com.demoQA.tests.TextBox_Test">
    <failure type="org.testng.internal.reflect.MethodMatcherException" message="
[public void com.demoQA.tests.TextBox_Test.testFullName(java.lang.String,java.lang.String,java.lang.String,java.lang.String,java.lang.String,java.lang.String)] has no parameters defined but was found to be using a data provider (either explicitly specified or inherited from class level annotation).
Data provider mismatch
Method: testFullName([Parameter{index=0, type=java.lang.String, declaredAnnotations=[]}, Parameter{index=1, type=java.lang.String, declaredAnnotations=[]}, Parameter{index=2, type=java.lang.String, declaredAnnotations=[]}, Parameter{index=3, type=java.lang.String, declaredAnnotations=[]}, Parameter{index=4, type=java.lang.String, declaredAnnotations=[]}, Parameter{index=5, type=java.lang.String, declaredAnnotations=[]}])
Arguments: [(java.lang.String) Nagbhushan Bhalerao,(java.lang.String) bhushan@123,(java.lang.String) Pune,(java.lang.String) Group 1, option 1,(java.lang.String) Ms.,(java.lang.String) Black,(java.lang.Integer) 10]">
      <![CDATA[org.testng.internal.reflect.MethodMatcherException: 
[public void com.demoQA.tests.TextBox_Test.testFullName(java.lang.String,java.lang.String,java.lang.String,java.lang.String,java.lang.String,java.lang.String)] has no parameters defined but was found to be using a data provider (either explicitly specified or inherited from class level annotation).
Data provider mismatch
Method: testFullName([Parameter{index=0, type=java.lang.String, declaredAnnotations=[]}, Parameter{index=1, type=java.lang.String, declaredAnnotations=[]}, Parameter{index=2, type=java.lang.String, declaredAnnotations=[]}, Parameter{index=3, type=java.lang.String, declaredAnnotations=[]}, Parameter{index=4, type=java.lang.String, declaredAnnotations=[]}, Parameter{index=5, type=java.lang.String, declaredAnnotations=[]}])
Arguments: [(java.lang.String) Nagbhushan Bhalerao,(java.lang.String) bhushan@123,(java.lang.String) Pune,(java.lang.String) Group 1, option 1,(java.lang.String) Ms.,(java.lang.String) Black,(java.lang.Integer) 10]
at java.util.ArrayList.forEach(ArrayList.java:1259)
... Removed 22 stack frames]]>
    </failure>
  </testcase> <!-- testFullName -->
</testsuite> <!-- Test2 -->
