<?xml version="1.0" encoding="UTF-8"?>
<!-- Generated by org.testng.reporters.JUnitXMLReporter -->
<testsuite hostname="LAPTOP-7DB4GVKK" ignored="0" name="Test3" tests="3" failures="0" timestamp="2022-09-14T22:17:40 IST" time="27.85" errors="0">
  <testcase name="testHeaderTxt" time="0.044" classname="com.demoQA.tests.RadioButtons_Test"/>
  <testcase name="testImpressiveBtn" time="0.122" classname="com.demoQA.tests.RadioButtons_Test"/>
  <testcase name="testYesBtn" time="0.099" classname="com.demoQA.tests.RadioButtons_Test"/>
</testsuite> <!-- Test3 -->
