<?xml version="1.0" encoding="UTF-8"?>
<!-- Generated by org.testng.reporters.JUnitXMLReporter -->
<testsuite hostname="LAPTOP-7DB4GVKK" ignored="0" name="Test11" tests="3" failures="0" timestamp="2022-09-13T00:23:03 IST" time="15.503" errors="0">
  <testcase name="testAlertTitle" time="0.099" classname="com.demoQA.tests.Alert_Frame_Window_Page_Test"/>
  <testcase name="testFrameTitle" time="0.091" classname="com.demoQA.tests.Alert_Frame_Window_Page_Test"/>
  <testcase name="testNestedIFrameTitle" time="0.089" classname="com.demoQA.tests.Alert_Frame_Window_Page_Test"/>
</testsuite> <!-- Test11 -->
