<?xml version="1.0" encoding="UTF-8"?>
<!-- Generated by org.testng.reporters.JUnitXMLReporter -->
<testsuite hostname="LAPTOP-7DB4GVKK" ignored="0" name="Test14" tests="6" failures="4" timestamp="2022-09-13T00:24:24 IST" time="14.057" errors="0">
  <testcase name="verifyDate" time="0.031" classname="com.demoQA.tests.Datepicker_Test">
    <failure type="org.testng.internal.reflect.MethodMatcherException" message="
[public void com.demoQA.tests.Datepicker_Test.verifyDate() throws java.lang.InterruptedException] has no parameters defined but was found to be using a data provider (either explicitly specified or inherited from class level annotation).
Data provider mismatch
Method: verifyDate([])
Arguments: [(java.lang.Integer) 2013,(java.lang.String) August,(java.lang.Integer) 13]">
      <![CDATA[org.testng.internal.reflect.MethodMatcherException: 
[public void com.demoQA.tests.Datepicker_Test.verifyDate() throws java.lang.InterruptedException] has no parameters defined but was found to be using a data provider (either explicitly specified or inherited from class level annotation).
Data provider mismatch
Method: verifyDate([])
Arguments: [(java.lang.Integer) 2013,(java.lang.String) August,(java.lang.Integer) 13]
at java.util.ArrayList.forEach(ArrayList.java:1259)
... Removed 22 stack frames]]>
    </failure>
  </testcase> <!-- verifyDate -->
  <testcase name="verifyDateAndTime" time="1.846" classname="com.demoQA.tests.Datepicker_Test"/>
  <testcase name="verifyDateByPrevNextBtn" time="1.135" classname="com.demoQA.tests.Datepicker_Test">
    <failure type="java.lang.AssertionError" message="expected [08/15/2015] but found [08/12/2020]">
      <![CDATA[java.lang.AssertionError: expected [08/15/2015] but found [08/12/2020]
at com.demoQA.tests.Datepicker_Test.verifyDateByPrevNextBtn(Datepicker_Test.java:57)
at java.util.ArrayList.forEach(ArrayList.java:1259)
... Removed 32 stack frames]]>
    </failure>
  </testcase> <!-- verifyDateByPrevNextBtn -->
  <testcase name="verifyDateByPrevNextBtn" time="1.083" classname="com.demoQA.tests.Datepicker_Test">
    <failure type="java.lang.AssertionError" message="expected [08/15/2015] but found [09/13/2022]">
      <![CDATA[java.lang.AssertionError: expected [08/15/2015] but found [09/13/2022]
at com.demoQA.tests.Datepicker_Test.verifyDateByPrevNextBtn(Datepicker_Test.java:57)
at java.util.ArrayList.forEach(ArrayList.java:1259)
... Removed 32 stack frames]]>
    </failure>
  </testcase> <!-- verifyDateByPrevNextBtn -->
  <testcase name="verifyDateByPrevNextBtn" time="0.654" classname="com.demoQA.tests.Datepicker_Test">
    <failure type="java.lang.AssertionError" message="expected [08/15/2015] but found [10/14/2023]">
      <![CDATA[java.lang.AssertionError: expected [08/15/2015] but found [10/14/2023]
at com.demoQA.tests.Datepicker_Test.verifyDateByPrevNextBtn(Datepicker_Test.java:57)
at java.util.ArrayList.forEach(ArrayList.java:1259)
... Removed 32 stack frames]]>
    </failure>
  </testcase> <!-- verifyDateByPrevNextBtn -->
  <testcase name="verifyTitle" time="0.034" classname="com.demoQA.tests.Datepicker_Test"/>
</testsuite> <!-- Test14 -->
