<?xml version="1.0" encoding="UTF-8"?>
<!-- Generated by org.testng.reporters.JUnitXMLReporter -->
<testsuite hostname="LAPTOP-7DB4GVKK" ignored="0" name="Test5" tests="3" failures="0" timestamp="2022-09-14T22:18:54 IST" time="43.605" errors="0">
  <testcase name="getTitle" time="0.04" classname="com.demoQA.tests.Widgets_Test"/>
  <testcase name="getTitleOFDatepicker" time="0.112" classname="com.demoQA.tests.Widgets_Test"/>
  <testcase name="getTitleOFProgressBar" time="0.12" classname="com.demoQA.tests.Widgets_Test"/>
</testsuite> <!-- Test5 -->
