<?xml version="1.0" encoding="UTF-8"?>
<!-- Generated by org.testng.reporters.JUnitXMLReporter -->
<testsuite hostname="LAPTOP-7DB4GVKK" ignored="0" name="Test9" tests="4" failures="0" timestamp="2022-09-13T00:22:37 IST" time="9.381" errors="0">
  <testcase name="verifyEnterText" time="0.173" classname="com.demoQA.tests.ToolTip_Test"/>
  <testcase name="verifyHoverFieldText" time="0.391" classname="com.demoQA.tests.ToolTip_Test"/>
  <testcase name="verifyHoverText" time="0.329" classname="com.demoQA.tests.ToolTip_Test"/>
  <testcase name="verifyTitle" time="0.029" classname="com.demoQA.tests.ToolTip_Test"/>
</testsuite> <!-- Test9 -->
