<?xml version="1.0" encoding="UTF-8"?>
<!-- Generated by org.testng.reporters.JUnitXMLReporter -->
<testsuite hostname="LAPTOP-7DB4GVKK" ignored="0" name="Test3" tests="3" failures="0" timestamp="2022-09-13T00:19:30 IST" time="8.321" errors="0">
  <testcase name="testHeaderTxt" time="0.034" classname="com.demoQA.tests.RadioButtons_Test"/>
  <testcase name="testImpressiveBtn" time="0.122" classname="com.demoQA.tests.RadioButtons_Test"/>
  <testcase name="testYesBtn" time="0.098" classname="com.demoQA.tests.RadioButtons_Test"/>
</testsuite> <!-- Test3 -->
