<?xml version="1.0" encoding="UTF-8"?>
<testng-results skipped="0" failed="0" ignored="0" total="7" passed="7">
  <reporter-output>
  </reporter-output>
  <suite name="Default suite" duration-ms="28590" started-at="2022-09-28T23:11:40 IST" finished-at="2022-09-28T23:12:08 IST">
    <groups>
    </groups>
    <test name="Default test" duration-ms="28590" started-at="2022-09-28T23:11:40 IST" finished-at="2022-09-28T23:12:08 IST">
      <class name="com.demoQA.tests.Alert_Test">
        <test-method status="PASS" signature="beforetest()[pri:0, instance:com.demoQA.tests.Alert_Test@3dfc5fb8]" name="beforetest" is-config="true" duration-ms="21136" started-at="2022-09-28T23:11:40 IST" finished-at="2022-09-28T23:12:01 IST">
          <reporter-output>
          </reporter-output>
        </test-method> <!-- beforetest -->
        <test-method status="PASS" signature="beforeClass()[pri:0, instance:com.demoQA.tests.Alert_Test@3dfc5fb8]" name="beforeClass" is-config="true" duration-ms="316" started-at="2022-09-28T23:12:01 IST" finished-at="2022-09-28T23:12:01 IST">
          <reporter-output>
          </reporter-output>
        </test-method> <!-- beforeClass -->
        <test-method status="PASS" signature="testTitle()[pri:0, instance:com.demoQA.tests.Alert_Test@3dfc5fb8]" name="testTitle" duration-ms="97" started-at="2022-09-28T23:12:01 IST" finished-at="2022-09-28T23:12:01 IST">
          <reporter-output>
          </reporter-output>
        </test-method> <!-- testTitle -->
        <test-method status="PASS" signature="afterMethod(org.testng.ITestResult)[pri:0, instance:com.demoQA.tests.Alert_Test@3dfc5fb8]" name="afterMethod" is-config="true" duration-ms="4" started-at="2022-09-28T23:12:01 IST" finished-at="2022-09-28T23:12:01 IST">
          <params>
            <param index="0">
              <value>
                <![CDATA[[TestResult name=testTitle status=SUCCESS method=Alert_Test.testTitle()[pri:0, instance:com.demoQA.tests.Alert_Test@3dfc5fb8] output={null}]]]>
              </value>
            </param>
          </params>
          <reporter-output>
          </reporter-output>
        </test-method> <!-- afterMethod -->
        <test-method status="PASS" signature="testAlert()[pri:1, instance:com.demoQA.tests.Alert_Test@3dfc5fb8]" name="testAlert" duration-ms="304" started-at="2022-09-28T23:12:01 IST" finished-at="2022-09-28T23:12:02 IST">
          <reporter-output>
          </reporter-output>
        </test-method> <!-- testAlert -->
        <test-method status="PASS" signature="afterMethod(org.testng.ITestResult)[pri:0, instance:com.demoQA.tests.Alert_Test@3dfc5fb8]" name="afterMethod" is-config="true" duration-ms="1" started-at="2022-09-28T23:12:02 IST" finished-at="2022-09-28T23:12:02 IST">
          <params>
            <param index="0">
              <value>
                <![CDATA[[TestResult name=testAlert status=SUCCESS method=Alert_Test.testAlert()[pri:1, instance:com.demoQA.tests.Alert_Test@3dfc5fb8] output={null}]]]>
              </value>
            </param>
          </params>
          <reporter-output>
          </reporter-output>
        </test-method> <!-- afterMethod -->
        <test-method status="PASS" signature="testTimerAlert()[pri:2, instance:com.demoQA.tests.Alert_Test@3dfc5fb8]" name="testTimerAlert" duration-ms="5539" started-at="2022-09-28T23:12:02 IST" finished-at="2022-09-28T23:12:07 IST">
          <reporter-output>
          </reporter-output>
        </test-method> <!-- testTimerAlert -->
        <test-method status="PASS" signature="afterMethod(org.testng.ITestResult)[pri:0, instance:com.demoQA.tests.Alert_Test@3dfc5fb8]" name="afterMethod" is-config="true" duration-ms="1" started-at="2022-09-28T23:12:07 IST" finished-at="2022-09-28T23:12:07 IST">
          <params>
            <param index="0">
              <value>
                <![CDATA[[TestResult name=testTimerAlert status=SUCCESS method=Alert_Test.testTimerAlert()[pri:2, instance:com.demoQA.tests.Alert_Test@3dfc5fb8] output={null}]]]>
              </value>
            </param>
          </params>
          <reporter-output>
          </reporter-output>
        </test-method> <!-- afterMethod -->
        <test-method status="PASS" signature="testConfirmAlertPopupMsg()[pri:3, instance:com.demoQA.tests.Alert_Test@3dfc5fb8]" name="testConfirmAlertPopupMsg" duration-ms="98" started-at="2022-09-28T23:12:07 IST" finished-at="2022-09-28T23:12:07 IST">
          <reporter-output>
          </reporter-output>
        </test-method> <!-- testConfirmAlertPopupMsg -->
        <test-method status="PASS" signature="afterMethod(org.testng.ITestResult)[pri:0, instance:com.demoQA.tests.Alert_Test@3dfc5fb8]" name="afterMethod" is-config="true" duration-ms="1" started-at="2022-09-28T23:12:07 IST" finished-at="2022-09-28T23:12:07 IST">
          <params>
            <param index="0">
              <value>
                <![CDATA[[TestResult name=testConfirmAlertPopupMsg status=SUCCESS method=Alert_Test.testConfirmAlertPopupMsg()[pri:3, instance:com.demoQA.tests.Alert_Test@3dfc5fb8] output={null}]]]>
              </value>
            </param>
          </params>
          <reporter-output>
          </reporter-output>
        </test-method> <!-- afterMethod -->
        <test-method status="PASS" signature="testConfirmAlertSuccesfullMsg()[pri:4, instance:com.demoQA.tests.Alert_Test@3dfc5fb8]" name="testConfirmAlertSuccesfullMsg" duration-ms="74" started-at="2022-09-28T23:12:07 IST" finished-at="2022-09-28T23:12:07 IST">
          <reporter-output>
          </reporter-output>
        </test-method> <!-- testConfirmAlertSuccesfullMsg -->
        <test-method status="PASS" signature="afterMethod(org.testng.ITestResult)[pri:0, instance:com.demoQA.tests.Alert_Test@3dfc5fb8]" name="afterMethod" is-config="true" duration-ms="1" started-at="2022-09-28T23:12:07 IST" finished-at="2022-09-28T23:12:07 IST">
          <params>
            <param index="0">
              <value>
                <![CDATA[[TestResult name=testConfirmAlertSuccesfullMsg status=SUCCESS method=Alert_Test.testConfirmAlertSuccesfullMsg()[pri:4, instance:com.demoQA.tests.Alert_Test@3dfc5fb8] output={null}]]]>
              </value>
            </param>
          </params>
          <reporter-output>
          </reporter-output>
        </test-method> <!-- afterMethod -->
        <test-method status="PASS" signature="testPromptAlertPopupMsg()[pri:5, instance:com.demoQA.tests.Alert_Test@3dfc5fb8]" name="testPromptAlertPopupMsg" duration-ms="128" started-at="2022-09-28T23:12:07 IST" finished-at="2022-09-28T23:12:07 IST">
          <reporter-output>
          </reporter-output>
        </test-method> <!-- testPromptAlertPopupMsg -->
        <test-method status="PASS" signature="afterMethod(org.testng.ITestResult)[pri:0, instance:com.demoQA.tests.Alert_Test@3dfc5fb8]" name="afterMethod" is-config="true" duration-ms="0" started-at="2022-09-28T23:12:07 IST" finished-at="2022-09-28T23:12:07 IST">
          <params>
            <param index="0">
              <value>
                <![CDATA[[TestResult name=testPromptAlertPopupMsg status=SUCCESS method=Alert_Test.testPromptAlertPopupMsg()[pri:5, instance:com.demoQA.tests.Alert_Test@3dfc5fb8] output={null}]]]>
              </value>
            </param>
          </params>
          <reporter-output>
          </reporter-output>
        </test-method> <!-- afterMethod -->
        <test-method status="PASS" signature="testPromptAlertInputText()[pri:6, instance:com.demoQA.tests.Alert_Test@3dfc5fb8]" name="testPromptAlertInputText" duration-ms="96" started-at="2022-09-28T23:12:07 IST" finished-at="2022-09-28T23:12:08 IST">
          <reporter-output>
          </reporter-output>
        </test-method> <!-- testPromptAlertInputText -->
        <test-method status="PASS" signature="afterMethod(org.testng.ITestResult)[pri:0, instance:com.demoQA.tests.Alert_Test@3dfc5fb8]" name="afterMethod" is-config="true" duration-ms="1" started-at="2022-09-28T23:12:08 IST" finished-at="2022-09-28T23:12:08 IST">
          <params>
            <param index="0">
              <value>
                <![CDATA[[TestResult name=testPromptAlertInputText status=SUCCESS method=Alert_Test.testPromptAlertInputText()[pri:6, instance:com.demoQA.tests.Alert_Test@3dfc5fb8] output={null}]]]>
              </value>
            </param>
          </params>
          <reporter-output>
          </reporter-output>
        </test-method> <!-- afterMethod -->
        <test-method status="PASS" signature="after()[pri:0, instance:com.demoQA.tests.Alert_Test@3dfc5fb8]" name="after" is-config="true" duration-ms="687" started-at="2022-09-28T23:12:08 IST" finished-at="2022-09-28T23:12:08 IST">
          <reporter-output>
          </reporter-output>
        </test-method> <!-- after -->
      </class> <!-- com.demoQA.tests.Alert_Test -->
    </test> <!-- Default test -->
  </suite> <!-- Default suite -->
</testng-results>
