<?xml version="1.0" encoding="UTF-8"?>
<testng-results skipped="0" failed="0" ignored="6" total="7" passed="1">
  <reporter-output>
  </reporter-output>
  <suite name="Default suite" duration-ms="11333" started-at="2022-09-28T00:40:02 IST" finished-at="2022-09-28T00:40:13 IST">
    <groups>
    </groups>
    <test name="Default test" duration-ms="11333" started-at="2022-09-28T00:40:02 IST" finished-at="2022-09-28T00:40:13 IST">
      <class name="com.demoQA.tests.Alert_Test">
        <test-method status="PASS" signature="beforetest()[pri:0, instance:com.demoQA.tests.Alert_Test@4d50efb8]" name="beforetest" is-config="true" duration-ms="9715" started-at="2022-09-28T00:40:02 IST" finished-at="2022-09-28T00:40:12 IST">
          <reporter-output>
          </reporter-output>
        </test-method> <!-- beforetest -->
        <test-method status="PASS" signature="beforeClass()[pri:0, instance:com.demoQA.tests.Alert_Test@4d50efb8]" name="beforeClass" is-config="true" duration-ms="347" started-at="2022-09-28T00:40:12 IST" finished-at="2022-09-28T00:40:12 IST">
          <reporter-output>
          </reporter-output>
        </test-method> <!-- beforeClass -->
        <test-method status="PASS" signature="testPromptAlert()[pri:0, instance:com.demoQA.tests.Alert_Test@4d50efb8]" name="testPromptAlert" duration-ms="520" started-at="2022-09-28T00:40:12 IST" finished-at="2022-09-28T00:40:13 IST">
          <reporter-output>
          </reporter-output>
        </test-method> <!-- testPromptAlert -->
        <test-method status="PASS" signature="afterMethod(org.testng.ITestResult)[pri:0, instance:com.demoQA.tests.Alert_Test@4d50efb8]" name="afterMethod" is-config="true" duration-ms="4" started-at="2022-09-28T00:40:13 IST" finished-at="2022-09-28T00:40:13 IST">
          <params>
            <param index="0">
              <value>
                <![CDATA[[TestResult name=testPromptAlert status=SUCCESS method=Alert_Test.testPromptAlert()[pri:0, instance:com.demoQA.tests.Alert_Test@4d50efb8] output={null}]]]>
              </value>
            </param>
          </params>
          <reporter-output>
          </reporter-output>
        </test-method> <!-- afterMethod -->
        <test-method status="PASS" signature="after()[pri:0, instance:com.demoQA.tests.Alert_Test@4d50efb8]" name="after" is-config="true" duration-ms="672" started-at="2022-09-28T00:40:13 IST" finished-at="2022-09-28T00:40:13 IST">
          <reporter-output>
          </reporter-output>
        </test-method> <!-- after -->
      </class> <!-- com.demoQA.tests.Alert_Test -->
    </test> <!-- Default test -->
  </suite> <!-- Default suite -->
</testng-results>
